<?xml version="1.0" encoding="UTF-8" ?>
<testsuite tests="10" failures="0" name="ru.progwards.java2.lessons.builders.SimpleCalculatorMultAndDivTest" time="0" errors="0" skipped="0">
  <properties>
[...]
</properties>
  <testcase classname="ru.progwards.java2.lessons.builders.SimpleCalculatorMultAndDivTest$DivException" name="checkDivException" time="0"/>
  <testcase classname="ru.progwards.java2.lessons.builders.SimpleCalculatorMultAndDivTest$DivSimpleCalculator" name="div[TestDiv 0: 2 = 10 / 5]" time="0"/>
  <testcase classname="ru.progwards.java2.lessons.builders.SimpleCalculatorMultAndDivTest$DivSimpleCalculator" name="div[TestDiv 1: 20 = 100 / 5]" time="0"/>
  <testcase classname="ru.progwards.java2.lessons.builders.SimpleCalculatorMultAndDivTest$DivSimpleCalculator" name="div[TestDiv 2: 30 = 150 / 5]" time="0"/>
  <testcase classname="ru.progwards.java2.lessons.builders.SimpleCalculatorMultAndDivTest$DivSimpleCalculator" name="div[TestDiv 3: 2 = 14 / 7]" time="0"/>
  <testcase classname="ru.progwards.java2.lessons.builders.SimpleCalculatorMultAndDivTest$MultException" name="checkException" time="0"/>
  <testcase classname="ru.progwards.java2.lessons.builders.SimpleCalculatorMultAndDivTest$MmultSimpleCalculator" name="mult[TestMult 0: 3 = 1 * 3]" time="0"/>
  <testcase classname="ru.progwards.java2.lessons.builders.SimpleCalculatorMultAndDivTest$MmultSimpleCalculator" name="mult[TestMult 1: 4 = 2 * 2]" time="0"/>
  <testcase classname="ru.progwards.java2.lessons.builders.SimpleCalculatorMultAndDivTest$MmultSimpleCalculator" name="mult[TestMult 2: 10 = 5 * 2]" time="0"/>
  <testcase classname="ru.progwards.java2.lessons.builders.SimpleCalculatorMultAndDivTest$MmultSimpleCalculator" name="mult[TestMult 3: 0 = 0 * 1 000]" time="0"/>
</testsuite>