<?xml version="1.0" encoding="UTF-8" ?>
<testsuite tests="10" failures="0" name="ru.progwards.java2.lessons.builders.SimpleCalculatorSumAndDiffTest" time="0" errors="0" skipped="0">
  <properties>
[...]
</properties>
  <testcase classname="ru.progwards.java2.lessons.builders.SimpleCalculatorSumAndDiffTest$DiffExceptionSimpleCalculatorTest" name="diffException" time="0"/>
  <testcase classname="ru.progwards.java2.lessons.builders.SimpleCalculatorSumAndDiffTest$DiffSimpleCalculatorTest" name="diff[ТестDiff0: 5 = 10 - 5]" time="0"/>
  <testcase classname="ru.progwards.java2.lessons.builders.SimpleCalculatorSumAndDiffTest$DiffSimpleCalculatorTest" name="diff[ТестDiff1: 2 = 10 - 8]" time="0"/>
  <testcase classname="ru.progwards.java2.lessons.builders.SimpleCalculatorSumAndDiffTest$DiffSimpleCalculatorTest" name="diff[ТестDiff2: 150 = 1 000 - 850]" time="0"/>
  <testcase classname="ru.progwards.java2.lessons.builders.SimpleCalculatorSumAndDiffTest$DiffSimpleCalculatorTest" name="diff[ТестDiff3: 0 = 6 - 6]" time="0"/>
  <testcase classname="ru.progwards.java2.lessons.builders.SimpleCalculatorSumAndDiffTest$SumExceptionSimpleCalculatorTest" name="sumException" time="0"/>
  <testcase classname="ru.progwards.java2.lessons.builders.SimpleCalculatorSumAndDiffTest$SumSimpleCalculatorTest" name="sum[Test 0: 5 = (2) + (3)]" time="0"/>
  <testcase classname="ru.progwards.java2.lessons.builders.SimpleCalculatorSumAndDiffTest$SumSimpleCalculatorTest" name="sum[Test 1: 3 = (2) + (1)]" time="0"/>
  <testcase classname="ru.progwards.java2.lessons.builders.SimpleCalculatorSumAndDiffTest$SumSimpleCalculatorTest" name="sum[Test 2: 4 = (2) + (2)]" time="0"/>
  <testcase classname="ru.progwards.java2.lessons.builders.SimpleCalculatorSumAndDiffTest$SumSimpleCalculatorTest" name="sum[Test 3: 10 = (5) + (5)]" time="0"/>
</testsuite>